<?xml version="1.0" encoding="UTF-8"?>
<!-- Generated by org.testng.reporters.JUnitReportReporter -->
<testsuite hostname="PC-Pooja" name="com.tool.tip.GetAllWebElement.GetWebElement" tests="1" failures="0" timestamp="27 Sep 2018 06:01:41 GMT" time="6.015" errors="0">
  <testcase name="runTest" time="6.015" classname="com.tool.tip.GetAllWebElement.GetWebElement"/>
</testsuite> <!-- com.tool.tip.GetAllWebElement.GetWebElement -->
